<?xml version="1.0" encoding="UTF-8"?>
<testsuite xmlns:xsi="http://www.w3.org/2001/XMLSchema-instance" xsi:noNamespaceSchemaLocation="https://maven.apache.org/surefire/maven-surefire-plugin/xsd/surefire-test-report.xsd" name="com.groceryview.GroceryViewTest" time="0.055" tests="1" errors="0" skipped="0" failures="0">
  <properties>
    <property name="java.specification.version" value="23"/>
    <property name="sun.jnu.encoding" value="UTF-8"/>
    <property name="java.class.path" value="/Users/andreachatrian/Documents/Repositories/groceryview/groceryview/target/test-classes:/Users/andreachatrian/Documents/Repositories/groceryview/groceryview/target/classes:/Users/andreachatrian/.m2/repository/junit/junit/4.11/junit-4.11.jar:/Users/andreachatrian/.m2/repository/org/hamcrest/hamcrest-core/1.3/hamcrest-core-1.3.jar:/Users/andreachatrian/.m2/repository/org/bytedeco/javacv-platform/1.5.5/javacv-platform-1.5.5.jar:/Users/andreachatrian/.m2/repository/org/bytedeco/javacv/1.5.5/javacv-1.5.5.jar:/Users/andreachatrian/.m2/repository/org/bytedeco/javacpp/1.5.5/javacpp-1.5.5.jar:/Users/andreachatrian/.m2/repository/org/bytedeco/openblas/0.3.13-1.5.5/openblas-0.3.13-1.5.5.jar:/Users/andreachatrian/.m2/repository/org/bytedeco/opencv/4.5.1-1.5.5/opencv-4.5.1-1.5.5.jar:/Users/andreachatrian/.m2/repository/org/bytedeco/ffmpeg/4.3.2-1.5.5/ffmpeg-4.3.2-1.5.5.jar:/Users/andreachatrian/.m2/repository/org/bytedeco/flycapture/2.13.3.31-1.5.5/flycapture-2.13.3.31-1.5.5.jar:/Users/andreachatrian/.m2/repository/org/bytedeco/libdc1394/2.2.6-1.5.5/libdc1394-2.2.6-1.5.5.jar:/Users/andreachatrian/.m2/repository/org/bytedeco/libfreenect/0.5.7-1.5.5/libfreenect-0.5.7-1.5.5.jar:/Users/andreachatrian/.m2/repository/org/bytedeco/libfreenect2/0.2.0-1.5.5/libfreenect2-0.2.0-1.5.5.jar:/Users/andreachatrian/.m2/repository/org/bytedeco/librealsense/1.12.4-1.5.5/librealsense-1.12.4-1.5.5.jar:/Users/andreachatrian/.m2/repository/org/bytedeco/librealsense2/2.40.0-1.5.5/librealsense2-2.40.0-1.5.5.jar:/Users/andreachatrian/.m2/repository/org/bytedeco/videoinput/0.200-1.5.5/videoinput-0.200-1.5.5.jar:/Users/andreachatrian/.m2/repository/org/bytedeco/artoolkitplus/2.3.1-1.5.5/artoolkitplus-2.3.1-1.5.5.jar:/Users/andreachatrian/.m2/repository/org/bytedeco/flandmark/1.07-1.5.5/flandmark-1.07-1.5.5.jar:/Users/andreachatrian/.m2/repository/org/bytedeco/leptonica/1.80.0-1.5.5/leptonica-1.80.0-1.5.5.jar:/Users/andreachatrian/.m2/repository/org/bytedeco/tesseract/4.1.1-1.5.5/tesseract-4.1.1-1.5.5.jar:/Users/andreachatrian/.m2/repository/org/bytedeco/openblas-platform/0.3.13-1.5.5/openblas-platform-0.3.13-1.5.5.jar:/Users/andreachatrian/.m2/repository/org/bytedeco/javacpp-platform/1.5.5/javacpp-platform-1.5.5.jar:/Users/andreachatrian/.m2/repository/org/bytedeco/javacpp/1.5.5/javacpp-1.5.5-android-arm.jar:/Users/andreachatrian/.m2/repository/org/bytedeco/javacpp/1.5.5/javacpp-1.5.5-android-arm64.jar:/Users/andreachatrian/.m2/repository/org/bytedeco/javacpp/1.5.5/javacpp-1.5.5-android-x86.jar:/Users/andreachatrian/.m2/repository/org/bytedeco/javacpp/1.5.5/javacpp-1.5.5-android-x86_64.jar:/Users/andreachatrian/.m2/repository/org/bytedeco/javacpp/1.5.5/javacpp-1.5.5-ios-arm64.jar:/Users/andreachatrian/.m2/repository/org/bytedeco/javacpp/1.5.5/javacpp-1.5.5-ios-x86_64.jar:/Users/andreachatrian/.m2/repository/org/bytedeco/javacpp/1.5.5/javacpp-1.5.5-linux-armhf.jar:/Users/andreachatrian/.m2/repository/org/bytedeco/javacpp/1.5.5/javacpp-1.5.5-linux-arm64.jar:/Users/andreachatrian/.m2/repository/org/bytedeco/javacpp/1.5.5/javacpp-1.5.5-linux-ppc64le.jar:/Users/andreachatrian/.m2/repository/org/bytedeco/javacpp/1.5.5/javacpp-1.5.5-linux-x86.jar:/Users/andreachatrian/.m2/repository/org/bytedeco/javacpp/1.5.5/javacpp-1.5.5-linux-x86_64.jar:/Users/andreachatrian/.m2/repository/org/bytedeco/javacpp/1.5.5/javacpp-1.5.5-macosx-arm64.jar:/Users/andreachatrian/.m2/repository/org/bytedeco/javacpp/1.5.5/javacpp-1.5.5-macosx-x86_64.jar:/Users/andreachatrian/.m2/repository/org/bytedeco/javacpp/1.5.5/javacpp-1.5.5-windows-x86.jar:/Users/andreachatrian/.m2/repository/org/bytedeco/javacpp/1.5.5/javacpp-1.5.5-windows-x86_64.jar:/Users/andreachatrian/.m2/repository/org/bytedeco/openblas/0.3.13-1.5.5/openblas-0.3.13-1.5.5-android-arm.jar:/Users/andreachatrian/.m2/repository/org/bytedeco/openblas/0.3.13-1.5.5/openblas-0.3.13-1.5.5-android-arm64.jar:/Users/andreachatrian/.m2/repository/org/bytedeco/openblas/0.3.13-1.5.5/openblas-0.3.13-1.5.5-android-x86.jar:/Users/andreachatrian/.m2/repository/org/bytedeco/openblas/0.3.13-1.5.5/openblas-0.3.13-1.5.5-android-x86_64.jar:/Users/andreachatrian/.m2/repository/org/bytedeco/openblas/0.3.13-1.5.5/openblas-0.3.13-1.5.5-ios-arm64.jar:/Users/andreachatrian/.m2/repository/org/bytedeco/openblas/0.3.13-1.5.5/openblas-0.3.13-1.5.5-ios-x86_64.jar:/Users/andreachatrian/.m2/repository/org/bytedeco/openblas/0.3.13-1.5.5/openblas-0.3.13-1.5.5-linux-x86.jar:/Users/andreachatrian/.m2/repository/org/bytedeco/openblas/0.3.13-1.5.5/openblas-0.3.13-1.5.5-linux-x86_64.jar:/Users/andreachatrian/.m2/repository/org/bytedeco/openblas/0.3.13-1.5.5/openblas-0.3.13-1.5.5-linux-armhf.jar:/Users/andreachatrian/.m2/repository/org/bytedeco/openblas/0.3.13-1.5.5/openblas-0.3.13-1.5.5-linux-arm64.jar:/Users/andreachatrian/.m2/repository/org/bytedeco/openblas/0.3.13-1.5.5/openblas-0.3.13-1.5.5-linux-ppc64le.jar:/Users/andreachatrian/.m2/repository/org/bytedeco/openblas/0.3.13-1.5.5/openblas-0.3.13-1.5.5-macosx-x86_64.jar:/Users/andreachatrian/.m2/repository/org/bytedeco/openblas/0.3.13-1.5.5/openblas-0.3.13-1.5.5-windows-x86.jar:/Users/andreachatrian/.m2/repository/org/bytedeco/openblas/0.3.13-1.5.5/openblas-0.3.13-1.5.5-windows-x86_64.jar:/Users/andreachatrian/.m2/repository/org/bytedeco/opencv-platform/4.5.1-1.5.5/opencv-platform-4.5.1-1.5.5.jar:/Users/andreachatrian/.m2/repository/org/bytedeco/opencv/4.5.1-1.5.5/opencv-4.5.1-1.5.5-android-arm.jar:/Users/andreachatrian/.m2/repository/org/bytedeco/opencv/4.5.1-1.5.5/opencv-4.5.1-1.5.5-android-arm64.jar:/Users/andreachatrian/.m2/repository/org/bytedeco/opencv/4.5.1-1.5.5/opencv-4.5.1-1.5.5-android-x86.jar:/Users/andreachatrian/.m2/repository/org/bytedeco/opencv/4.5.1-1.5.5/opencv-4.5.1-1.5.5-android-x86_64.jar:/Users/andreachatrian/.m2/repository/org/bytedeco/opencv/4.5.1-1.5.5/opencv-4.5.1-1.5.5-ios-arm64.jar:/Users/andreachatrian/.m2/repository/org/bytedeco/opencv/4.5.1-1.5.5/opencv-4.5.1-1.5.5-ios-x86_64.jar:/Users/andreachatrian/.m2/repository/org/bytedeco/opencv/4.5.1-1.5.5/opencv-4.5.1-1.5.5-linux-x86.jar:/Users/andreachatrian/.m2/repository/org/bytedeco/opencv/4.5.1-1.5.5/opencv-4.5.1-1.5.5-linux-x86_64.jar:/Users/andreachatrian/.m2/repository/org/bytedeco/opencv/4.5.1-1.5.5/opencv-4.5.1-1.5.5-linux-armhf.jar:/Users/andreachatrian/.m2/repository/org/bytedeco/opencv/4.5.1-1.5.5/opencv-4.5.1-1.5.5-linux-arm64.jar:/Users/andreachatrian/.m2/repository/org/bytedeco/opencv/4.5.1-1.5.5/opencv-4.5.1-1.5.5-linux-ppc64le.jar:/Users/andreachatrian/.m2/repository/org/bytedeco/opencv/4.5.1-1.5.5/opencv-4.5.1-1.5.5-macosx-x86_64.jar:/Users/andreachatrian/.m2/repository/org/bytedeco/opencv/4.5.1-1.5.5/opencv-4.5.1-1.5.5-windows-x86.jar:/Users/andreachatrian/.m2/repository/org/bytedeco/opencv/4.5.1-1.5.5/opencv-4.5.1-1.5.5-windows-x86_64.jar:/Users/andreachatrian/.m2/repository/org/bytedeco/ffmpeg-platform/4.3.2-1.5.5/ffmpeg-platform-4.3.2-1.5.5.jar:/Users/andreachatrian/.m2/repository/org/bytedeco/ffmpeg/4.3.2-1.5.5/ffmpeg-4.3.2-1.5.5-android-arm.jar:/Users/andreachatrian/.m2/repository/org/bytedeco/ffmpeg/4.3.2-1.5.5/ffmpeg-4.3.2-1.5.5-android-arm64.jar:/Users/andreachatrian/.m2/repository/org/bytedeco/ffmpeg/4.3.2-1.5.5/ffmpeg-4.3.2-1.5.5-android-x86.jar:/Users/andreachatrian/.m2/repository/org/bytedeco/ffmpeg/4.3.2-1.5.5/ffmpeg-4.3.2-1.5.5-android-x86_64.jar:/Users/andreachatrian/.m2/repository/org/bytedeco/ffmpeg/4.3.2-1.5.5/ffmpeg-4.3.2-1.5.5-linux-x86.jar:/Users/andreachatrian/.m2/repository/org/bytedeco/ffmpeg/4.3.2-1.5.5/ffmpeg-4.3.2-1.5.5-linux-x86_64.jar:/Users/andreachatrian/.m2/repository/org/bytedeco/ffmpeg/4.3.2-1.5.5/ffmpeg-4.3.2-1.5.5-linux-armhf.jar:/Users/andreachatrian/.m2/repository/org/bytedeco/ffmpeg/4.3.2-1.5.5/ffmpeg-4.3.2-1.5.5-linux-arm64.jar:/Users/andreachatrian/.m2/repository/org/bytedeco/ffmpeg/4.3.2-1.5.5/ffmpeg-4.3.2-1.5.5-linux-ppc64le.jar:/Users/andreachatrian/.m2/repository/org/bytedeco/ffmpeg/4.3.2-1.5.5/ffmpeg-4.3.2-1.5.5-macosx-x86_64.jar:/Users/andreachatrian/.m2/repository/org/bytedeco/ffmpeg/4.3.2-1.5.5/ffmpeg-4.3.2-1.5.5-windows-x86.jar:/Users/andreachatrian/.m2/repository/org/bytedeco/ffmpeg/4.3.2-1.5.5/ffmpeg-4.3.2-1.5.5-windows-x86_64.jar:/Users/andreachatrian/.m2/repository/org/bytedeco/flycapture-platform/2.13.3.31-1.5.5/flycapture-platform-2.13.3.31-1.5.5.jar:/Users/andreachatrian/.m2/repository/org/bytedeco/flycapture/2.13.3.31-1.5.5/flycapture-2.13.3.31-1.5.5-linux-x86.jar:/Users/andreachatrian/.m2/repository/org/bytedeco/flycapture/2.13.3.31-1.5.5/flycapture-2.13.3.31-1.5.5-linux-x86_64.jar:/Users/andreachatrian/.m2/repository/org/bytedeco/flycapture/2.13.3.31-1.5.5/flycapture-2.13.3.31-1.5.5-linux-armhf.jar:/Users/andreachatrian/.m2/repository/org/bytedeco/flycapture/2.13.3.31-1.5.5/flycapture-2.13.3.31-1.5.5-linux-arm64.jar:/Users/andreachatrian/.m2/repository/org/bytedeco/flycapture/2.13.3.31-1.5.5/flycapture-2.13.3.31-1.5.5-windows-x86.jar:/Users/andreachatrian/.m2/repository/org/bytedeco/flycapture/2.13.3.31-1.5.5/flycapture-2.13.3.31-1.5.5-windows-x86_64.jar:/Users/andreachatrian/.m2/repository/org/bytedeco/libdc1394-platform/2.2.6-1.5.5/libdc1394-platform-2.2.6-1.5.5.jar:/Users/andreachatrian/.m2/repository/org/bytedeco/libdc1394/2.2.6-1.5.5/libdc1394-2.2.6-1.5.5-linux-x86.jar:/Users/andreachatrian/.m2/repository/org/bytedeco/libdc1394/2.2.6-1.5.5/libdc1394-2.2.6-1.5.5-linux-x86_64.jar:/Users/andreachatrian/.m2/repository/org/bytedeco/libdc1394/2.2.6-1.5.5/libdc1394-2.2.6-1.5.5-linux-armhf.jar:/Users/andreachatrian/.m2/repository/org/bytedeco/libdc1394/2.2.6-1.5.5/libdc1394-2.2.6-1.5.5-linux-arm64.jar:/Users/andreachatrian/.m2/repository/org/bytedeco/libdc1394/2.2.6-1.5.5/libdc1394-2.2.6-1.5.5-linux-ppc64le.jar:/Users/andreachatrian/.m2/repository/org/bytedeco/libdc1394/2.2.6-1.5.5/libdc1394-2.2.6-1.5.5-macosx-x86_64.jar:/Users/andreachatrian/.m2/repository/org/bytedeco/libdc1394/2.2.6-1.5.5/libdc1394-2.2.6-1.5.5-windows-x86.jar:/Users/andreachatrian/.m2/repository/org/bytedeco/libdc1394/2.2.6-1.5.5/libdc1394-2.2.6-1.5.5-windows-x86_64.jar:/Users/andreachatrian/.m2/repository/org/bytedeco/libfreenect-platform/0.5.7-1.5.5/libfreenect-platform-0.5.7-1.5.5.jar:/Users/andreachatrian/.m2/repository/org/bytedeco/libfreenect/0.5.7-1.5.5/libfreenect-0.5.7-1.5.5-linux-x86.jar:/Users/andreachatrian/.m2/repository/org/bytedeco/libfreenect/0.5.7-1.5.5/libfreenect-0.5.7-1.5.5-linux-x86_64.jar:/Users/andreachatrian/.m2/repository/org/bytedeco/libfreenect/0.5.7-1.5.5/libfreenect-0.5.7-1.5.5-linux-armhf.jar:/Users/andreachatrian/.m2/repository/org/bytedeco/libfreenect/0.5.7-1.5.5/libfreenect-0.5.7-1.5.5-linux-arm64.jar:/Users/andreachatrian/.m2/repository/org/bytedeco/libfreenect/0.5.7-1.5.5/libfreenect-0.5.7-1.5.5-linux-ppc64le.jar:/Users/andreachatrian/.m2/repository/org/bytedeco/libfreenect/0.5.7-1.5.5/libfreenect-0.5.7-1.5.5-macosx-x86_64.jar:/Users/andreachatrian/.m2/repository/org/bytedeco/libfreenect/0.5.7-1.5.5/libfreenect-0.5.7-1.5.5-windows-x86.jar:/Users/andreachatrian/.m2/repository/org/bytedeco/libfreenect/0.5.7-1.5.5/libfreenect-0.5.7-1.5.5-windows-x86_64.jar:/Users/andreachatrian/.m2/repository/org/bytedeco/libfreenect2-platform/0.2.0-1.5.5/libfreenect2-platform-0.2.0-1.5.5.jar:/Users/andreachatrian/.m2/repository/org/bytedeco/libfreenect2/0.2.0-1.5.5/libfreenect2-0.2.0-1.5.5-linux-x86.jar:/Users/andreachatrian/.m2/repository/org/bytedeco/libfreenect2/0.2.0-1.5.5/libfreenect2-0.2.0-1.5.5-linux-x86_64.jar:/Users/andreachatrian/.m2/repository/org/bytedeco/libfreenect2/0.2.0-1.5.5/libfreenect2-0.2.0-1.5.5-macosx-x86_64.jar:/Users/andreachatrian/.m2/repository/org/bytedeco/libfreenect2/0.2.0-1.5.5/libfreenect2-0.2.0-1.5.5-windows-x86_64.jar:/Users/andreachatrian/.m2/repository/org/bytedeco/librealsense-platform/1.12.4-1.5.5/librealsense-platform-1.12.4-1.5.5.jar:/Users/andreachatrian/.m2/repository/org/bytedeco/librealsense/1.12.4-1.5.5/librealsense-1.12.4-1.5.5-linux-armhf.jar:/Users/andreachatrian/.m2/repository/org/bytedeco/librealsense/1.12.4-1.5.5/librealsense-1.12.4-1.5.5-linux-arm64.jar:/Users/andreachatrian/.m2/repository/org/bytedeco/librealsense/1.12.4-1.5.5/librealsense-1.12.4-1.5.5-linux-x86.jar:/Users/andreachatrian/.m2/repository/org/bytedeco/librealsense/1.12.4-1.5.5/librealsense-1.12.4-1.5.5-linux-x86_64.jar:/Users/andreachatrian/.m2/repository/org/bytedeco/librealsense/1.12.4-1.5.5/librealsense-1.12.4-1.5.5-macosx-x86_64.jar:/Users/andreachatrian/.m2/repository/org/bytedeco/librealsense/1.12.4-1.5.5/librealsense-1.12.4-1.5.5-windows-x86.jar:/Users/andreachatrian/.m2/repository/org/bytedeco/librealsense/1.12.4-1.5.5/librealsense-1.12.4-1.5.5-windows-x86_64.jar:/Users/andreachatrian/.m2/repository/org/bytedeco/librealsense2-platform/2.40.0-1.5.5/librealsense2-platform-2.40.0-1.5.5.jar:/Users/andreachatrian/.m2/repository/org/bytedeco/librealsense2/2.40.0-1.5.5/librealsense2-2.40.0-1.5.5-linux-armhf.jar:/Users/andreachatrian/.m2/repository/org/bytedeco/librealsense2/2.40.0-1.5.5/librealsense2-2.40.0-1.5.5-linux-arm64.jar:/Users/andreachatrian/.m2/repository/org/bytedeco/librealsense2/2.40.0-1.5.5/librealsense2-2.40.0-1.5.5-linux-x86.jar:/Users/andreachatrian/.m2/repository/org/bytedeco/librealsense2/2.40.0-1.5.5/librealsense2-2.40.0-1.5.5-linux-x86_64.jar:/Users/andreachatrian/.m2/repository/org/bytedeco/librealsense2/2.40.0-1.5.5/librealsense2-2.40.0-1.5.5-macosx-x86_64.jar:/Users/andreachatrian/.m2/repository/org/bytedeco/librealsense2/2.40.0-1.5.5/librealsense2-2.40.0-1.5.5-windows-x86.jar:/Users/andreachatrian/.m2/repository/org/bytedeco/librealsense2/2.40.0-1.5.5/librealsense2-2.40.0-1.5.5-windows-x86_64.jar:/Users/andreachatrian/.m2/repository/org/bytedeco/videoinput-platform/0.200-1.5.5/videoinput-platform-0.200-1.5.5.jar:/Users/andreachatrian/.m2/repository/org/bytedeco/videoinput/0.200-1.5.5/videoinput-0.200-1.5.5-windows-x86.jar:/Users/andreachatrian/.m2/repository/org/bytedeco/videoinput/0.200-1.5.5/videoinput-0.200-1.5.5-windows-x86_64.jar:/Users/andreachatrian/.m2/repository/org/bytedeco/artoolkitplus-platform/2.3.1-1.5.5/artoolkitplus-platform-2.3.1-1.5.5.jar:/Users/andreachatrian/.m2/repository/org/bytedeco/artoolkitplus/2.3.1-1.5.5/artoolkitplus-2.3.1-1.5.5-android-arm.jar:/Users/andreachatrian/.m2/repository/org/bytedeco/artoolkitplus/2.3.1-1.5.5/artoolkitplus-2.3.1-1.5.5-android-arm64.jar:/Users/andreachatrian/.m2/repository/org/bytedeco/artoolkitplus/2.3.1-1.5.5/artoolkitplus-2.3.1-1.5.5-android-x86.jar:/Users/andreachatrian/.m2/repository/org/bytedeco/artoolkitplus/2.3.1-1.5.5/artoolkitplus-2.3.1-1.5.5-android-x86_64.jar:/Users/andreachatrian/.m2/repository/org/bytedeco/artoolkitplus/2.3.1-1.5.5/artoolkitplus-2.3.1-1.5.5-linux-x86.jar:/Users/andreachatrian/.m2/repository/org/bytedeco/artoolkitplus/2.3.1-1.5.5/artoolkitplus-2.3.1-1.5.5-linux-x86_64.jar:/Users/andreachatrian/.m2/repository/org/bytedeco/artoolkitplus/2.3.1-1.5.5/artoolkitplus-2.3.1-1.5.5-linux-armhf.jar:/Users/andreachatrian/.m2/repository/org/bytedeco/artoolkitplus/2.3.1-1.5.5/artoolkitplus-2.3.1-1.5.5-linux-arm64.jar:/Users/andreachatrian/.m2/repository/org/bytedeco/artoolkitplus/2.3.1-1.5.5/artoolkitplus-2.3.1-1.5.5-linux-ppc64le.jar:/Users/andreachatrian/.m2/repository/org/bytedeco/artoolkitplus/2.3.1-1.5.5/artoolkitplus-2.3.1-1.5.5-macosx-x86_64.jar:/Users/andreachatrian/.m2/repository/org/bytedeco/artoolkitplus/2.3.1-1.5.5/artoolkitplus-2.3.1-1.5.5-windows-x86.jar:/Users/andreachatrian/.m2/repository/org/bytedeco/artoolkitplus/2.3.1-1.5.5/artoolkitplus-2.3.1-1.5.5-windows-x86_64.jar:/Users/andreachatrian/.m2/repository/org/bytedeco/flandmark-platform/1.07-1.5.5/flandmark-platform-1.07-1.5.5.jar:/Users/andreachatrian/.m2/repository/org/bytedeco/flandmark/1.07-1.5.5/flandmark-1.07-1.5.5-android-arm.jar:/Users/andreachatrian/.m2/repository/org/bytedeco/flandmark/1.07-1.5.5/flandmark-1.07-1.5.5-android-arm64.jar:/Users/andreachatrian/.m2/repository/org/bytedeco/flandmark/1.07-1.5.5/flandmark-1.07-1.5.5-android-x86.jar:/Users/andreachatrian/.m2/repository/org/bytedeco/flandmark/1.07-1.5.5/flandmark-1.07-1.5.5-android-x86_64.jar:/Users/andreachatrian/.m2/repository/org/bytedeco/flandmark/1.07-1.5.5/flandmark-1.07-1.5.5-linux-x86.jar:/Users/andreachatrian/.m2/repository/org/bytedeco/flandmark/1.07-1.5.5/flandmark-1.07-1.5.5-linux-x86_64.jar:/Users/andreachatrian/.m2/repository/org/bytedeco/flandmark/1.07-1.5.5/flandmark-1.07-1.5.5-linux-armhf.jar:/Users/andreachatrian/.m2/repository/org/bytedeco/flandmark/1.07-1.5.5/flandmark-1.07-1.5.5-linux-arm64.jar:/Users/andreachatrian/.m2/repository/org/bytedeco/flandmark/1.07-1.5.5/flandmark-1.07-1.5.5-linux-ppc64le.jar:/Users/andreachatrian/.m2/repository/org/bytedeco/flandmark/1.07-1.5.5/flandmark-1.07-1.5.5-macosx-x86_64.jar:/Users/andreachatrian/.m2/repository/org/bytedeco/flandmark/1.07-1.5.5/flandmark-1.07-1.5.5-windows-x86.jar:/Users/andreachatrian/.m2/repository/org/bytedeco/flandmark/1.07-1.5.5/flandmark-1.07-1.5.5-windows-x86_64.jar:/Users/andreachatrian/.m2/repository/org/bytedeco/leptonica-platform/1.80.0-1.5.5/leptonica-platform-1.80.0-1.5.5.jar:/Users/andreachatrian/.m2/repository/org/bytedeco/leptonica/1.80.0-1.5.5/leptonica-1.80.0-1.5.5-android-arm.jar:/Users/andreachatrian/.m2/repository/org/bytedeco/leptonica/1.80.0-1.5.5/leptonica-1.80.0-1.5.5-android-arm64.jar:/Users/andreachatrian/.m2/repository/org/bytedeco/leptonica/1.80.0-1.5.5/leptonica-1.80.0-1.5.5-android-x86.jar:/Users/andreachatrian/.m2/repository/org/bytedeco/leptonica/1.80.0-1.5.5/leptonica-1.80.0-1.5.5-android-x86_64.jar:/Users/andreachatrian/.m2/repository/org/bytedeco/leptonica/1.80.0-1.5.5/leptonica-1.80.0-1.5.5-linux-x86.jar:/Users/andreachatrian/.m2/repository/org/bytedeco/leptonica/1.80.0-1.5.5/leptonica-1.80.0-1.5.5-linux-x86_64.jar:/Users/andreachatrian/.m2/repository/org/bytedeco/leptonica/1.80.0-1.5.5/leptonica-1.80.0-1.5.5-linux-armhf.jar:/Users/andreachatrian/.m2/repository/org/bytedeco/leptonica/1.80.0-1.5.5/leptonica-1.80.0-1.5.5-linux-arm64.jar:/Users/andreachatrian/.m2/repository/org/bytedeco/leptonica/1.80.0-1.5.5/leptonica-1.80.0-1.5.5-linux-ppc64le.jar:/Users/andreachatrian/.m2/repository/org/bytedeco/leptonica/1.80.0-1.5.5/leptonica-1.80.0-1.5.5-macosx-x86_64.jar:/Users/andreachatrian/.m2/repository/org/bytedeco/leptonica/1.80.0-1.5.5/leptonica-1.80.0-1.5.5-windows-x86.jar:/Users/andreachatrian/.m2/repository/org/bytedeco/leptonica/1.80.0-1.5.5/leptonica-1.80.0-1.5.5-windows-x86_64.jar:/Users/andreachatrian/.m2/repository/org/bytedeco/tesseract-platform/4.1.1-1.5.5/tesseract-platform-4.1.1-1.5.5.jar:/Users/andreachatrian/.m2/repository/org/bytedeco/tesseract/4.1.1-1.5.5/tesseract-4.1.1-1.5.5-android-arm.jar:/Users/andreachatrian/.m2/repository/org/bytedeco/tesseract/4.1.1-1.5.5/tesseract-4.1.1-1.5.5-android-arm64.jar:/Users/andreachatrian/.m2/repository/org/bytedeco/tesseract/4.1.1-1.5.5/tesseract-4.1.1-1.5.5-android-x86.jar:/Users/andreachatrian/.m2/repository/org/bytedeco/tesseract/4.1.1-1.5.5/tesseract-4.1.1-1.5.5-android-x86_64.jar:/Users/andreachatrian/.m2/repository/org/bytedeco/tesseract/4.1.1-1.5.5/tesseract-4.1.1-1.5.5-linux-x86.jar:/Users/andreachatrian/.m2/repository/org/bytedeco/tesseract/4.1.1-1.5.5/tesseract-4.1.1-1.5.5-linux-x86_64.jar:/Users/andreachatrian/.m2/repository/org/bytedeco/tesseract/4.1.1-1.5.5/tesseract-4.1.1-1.5.5-linux-armhf.jar:/Users/andreachatrian/.m2/repository/org/bytedeco/tesseract/4.1.1-1.5.5/tesseract-4.1.1-1.5.5-linux-arm64.jar:/Users/andreachatrian/.m2/repository/org/bytedeco/tesseract/4.1.1-1.5.5/tesseract-4.1.1-1.5.5-linux-ppc64le.jar:/Users/andreachatrian/.m2/repository/org/bytedeco/tesseract/4.1.1-1.5.5/tesseract-4.1.1-1.5.5-macosx-x86_64.jar:/Users/andreachatrian/.m2/repository/org/bytedeco/tesseract/4.1.1-1.5.5/tesseract-4.1.1-1.5.5-windows-x86.jar:/Users/andreachatrian/.m2/repository/org/bytedeco/tesseract/4.1.1-1.5.5/tesseract-4.1.1-1.5.5-windows-x86_64.jar:/Users/andreachatrian/.m2/repository/net/sourceforge/tess4j/tess4j/5.5.0/tess4j-5.5.0.jar:/Users/andreachatrian/.m2/repository/net/java/dev/jna/jna/5.12.1/jna-5.12.1.jar:/Users/andreachatrian/.m2/repository/com/github/jai-imageio/jai-imageio-core/1.4.0/jai-imageio-core-1.4.0.jar:/Users/andreachatrian/.m2/repository/org/apache/pdfbox/pdfbox/2.0.27/pdfbox-2.0.27.jar:/Users/andreachatrian/.m2/repository/org/apache/pdfbox/fontbox/2.0.27/fontbox-2.0.27.jar:/Users/andreachatrian/.m2/repository/commons-logging/commons-logging/1.2/commons-logging-1.2.jar:/Users/andreachatrian/.m2/repository/org/apache/pdfbox/pdfbox-tools/2.0.27/pdfbox-tools-2.0.27.jar:/Users/andreachatrian/.m2/repository/org/apache/pdfbox/pdfbox-debugger/2.0.27/pdfbox-debugger-2.0.27.jar:/Users/andreachatrian/.m2/repository/org/apache/pdfbox/jbig2-imageio/3.0.4/jbig2-imageio-3.0.4.jar:/Users/andreachatrian/.m2/repository/commons-io/commons-io/2.11.0/commons-io-2.11.0.jar:/Users/andreachatrian/.m2/repository/net/sourceforge/lept4j/lept4j/1.17.0/lept4j-1.17.0.jar:/Users/andreachatrian/.m2/repository/org/jboss/jboss-vfs/3.2.17.Final/jboss-vfs-3.2.17.Final.jar:/Users/andreachatrian/.m2/repository/org/jboss/logging/jboss-logging/3.1.4.GA/jboss-logging-3.1.4.GA.jar:/Users/andreachatrian/.m2/repository/org/slf4j/slf4j-api/1.7.32/slf4j-api-1.7.32.jar:/Users/andreachatrian/.m2/repository/ch/qos/logback/logback-classic/1.2.6/logback-classic-1.2.6.jar:/Users/andreachatrian/.m2/repository/ch/qos/logback/logback-core/1.2.6/logback-core-1.2.6.jar:/Users/andreachatrian/.m2/repository/org/xerial/sqlite-jdbc/3.43.0.0/sqlite-jdbc-3.43.0.0.jar:/Users/andreachatrian/.m2/repository/org/jfree/jfreechart/1.5.3/jfreechart-1.5.3.jar:"/>
    <property name="java.vm.vendor" value="Homebrew"/>
    <property name="sun.arch.data.model" value="64"/>
    <property name="java.vendor.url" value="https://github.com/Homebrew/homebrew-core/issues"/>
    <property name="os.name" value="Mac OS X"/>
    <property name="java.vm.specification.version" value="23"/>
    <property name="sun.java.launcher" value="SUN_STANDARD"/>
    <property name="user.country" value="GB"/>
    <property name="sun.boot.library.path" value="/usr/local/Cellar/openjdk/23.0.1/libexec/openjdk.jdk/Contents/Home/lib"/>
    <property name="sun.java.command" value="/Users/andreachatrian/Documents/Repositories/groceryview/groceryview/target/surefire/surefirebooter6687894886412950150.jar /Users/andreachatrian/Documents/Repositories/groceryview/groceryview/target/surefire 2025-01-03T15-52-53_499-jvmRun1 surefire18003514202382270408tmp surefire_05704226463108347012tmp"/>
    <property name="http.nonProxyHosts" value="local|*.local|169.254/16|*.169.254/16"/>
    <property name="jdk.debug" value="release"/>
    <property name="surefire.test.class.path" value="/Users/andreachatrian/Documents/Repositories/groceryview/groceryview/target/test-classes:/Users/andreachatrian/Documents/Repositories/groceryview/groceryview/target/classes:/Users/andreachatrian/.m2/repository/junit/junit/4.11/junit-4.11.jar:/Users/andreachatrian/.m2/repository/org/hamcrest/hamcrest-core/1.3/hamcrest-core-1.3.jar:/Users/andreachatrian/.m2/repository/org/bytedeco/javacv-platform/1.5.5/javacv-platform-1.5.5.jar:/Users/andreachatrian/.m2/repository/org/bytedeco/javacv/1.5.5/javacv-1.5.5.jar:/Users/andreachatrian/.m2/repository/org/bytedeco/javacpp/1.5.5/javacpp-1.5.5.jar:/Users/andreachatrian/.m2/repository/org/bytedeco/openblas/0.3.13-1.5.5/openblas-0.3.13-1.5.5.jar:/Users/andreachatrian/.m2/repository/org/bytedeco/opencv/4.5.1-1.5.5/opencv-4.5.1-1.5.5.jar:/Users/andreachatrian/.m2/repository/org/bytedeco/ffmpeg/4.3.2-1.5.5/ffmpeg-4.3.2-1.5.5.jar:/Users/andreachatrian/.m2/repository/org/bytedeco/flycapture/2.13.3.31-1.5.5/flycapture-2.13.3.31-1.5.5.jar:/Users/andreachatrian/.m2/repository/org/bytedeco/libdc1394/2.2.6-1.5.5/libdc1394-2.2.6-1.5.5.jar:/Users/andreachatrian/.m2/repository/org/bytedeco/libfreenect/0.5.7-1.5.5/libfreenect-0.5.7-1.5.5.jar:/Users/andreachatrian/.m2/repository/org/bytedeco/libfreenect2/0.2.0-1.5.5/libfreenect2-0.2.0-1.5.5.jar:/Users/andreachatrian/.m2/repository/org/bytedeco/librealsense/1.12.4-1.5.5/librealsense-1.12.4-1.5.5.jar:/Users/andreachatrian/.m2/repository/org/bytedeco/librealsense2/2.40.0-1.5.5/librealsense2-2.40.0-1.5.5.jar:/Users/andreachatrian/.m2/repository/org/bytedeco/videoinput/0.200-1.5.5/videoinput-0.200-1.5.5.jar:/Users/andreachatrian/.m2/repository/org/bytedeco/artoolkitplus/2.3.1-1.5.5/artoolkitplus-2.3.1-1.5.5.jar:/Users/andreachatrian/.m2/repository/org/bytedeco/flandmark/1.07-1.5.5/flandmark-1.07-1.5.5.jar:/Users/andreachatrian/.m2/repository/org/bytedeco/leptonica/1.80.0-1.5.5/leptonica-1.80.0-1.5.5.jar:/Users/andreachatrian/.m2/repository/org/bytedeco/tesseract/4.1.1-1.5.5/tesseract-4.1.1-1.5.5.jar:/Users/andreachatrian/.m2/repository/org/bytedeco/openblas-platform/0.3.13-1.5.5/openblas-platform-0.3.13-1.5.5.jar:/Users/andreachatrian/.m2/repository/org/bytedeco/javacpp-platform/1.5.5/javacpp-platform-1.5.5.jar:/Users/andreachatrian/.m2/repository/org/bytedeco/javacpp/1.5.5/javacpp-1.5.5-android-arm.jar:/Users/andreachatrian/.m2/repository/org/bytedeco/javacpp/1.5.5/javacpp-1.5.5-android-arm64.jar:/Users/andreachatrian/.m2/repository/org/bytedeco/javacpp/1.5.5/javacpp-1.5.5-android-x86.jar:/Users/andreachatrian/.m2/repository/org/bytedeco/javacpp/1.5.5/javacpp-1.5.5-android-x86_64.jar:/Users/andreachatrian/.m2/repository/org/bytedeco/javacpp/1.5.5/javacpp-1.5.5-ios-arm64.jar:/Users/andreachatrian/.m2/repository/org/bytedeco/javacpp/1.5.5/javacpp-1.5.5-ios-x86_64.jar:/Users/andreachatrian/.m2/repository/org/bytedeco/javacpp/1.5.5/javacpp-1.5.5-linux-armhf.jar:/Users/andreachatrian/.m2/repository/org/bytedeco/javacpp/1.5.5/javacpp-1.5.5-linux-arm64.jar:/Users/andreachatrian/.m2/repository/org/bytedeco/javacpp/1.5.5/javacpp-1.5.5-linux-ppc64le.jar:/Users/andreachatrian/.m2/repository/org/bytedeco/javacpp/1.5.5/javacpp-1.5.5-linux-x86.jar:/Users/andreachatrian/.m2/repository/org/bytedeco/javacpp/1.5.5/javacpp-1.5.5-linux-x86_64.jar:/Users/andreachatrian/.m2/repository/org/bytedeco/javacpp/1.5.5/javacpp-1.5.5-macosx-arm64.jar:/Users/andreachatrian/.m2/repository/org/bytedeco/javacpp/1.5.5/javacpp-1.5.5-macosx-x86_64.jar:/Users/andreachatrian/.m2/repository/org/bytedeco/javacpp/1.5.5/javacpp-1.5.5-windows-x86.jar:/Users/andreachatrian/.m2/repository/org/bytedeco/javacpp/1.5.5/javacpp-1.5.5-windows-x86_64.jar:/Users/andreachatrian/.m2/repository/org/bytedeco/openblas/0.3.13-1.5.5/openblas-0.3.13-1.5.5-android-arm.jar:/Users/andreachatrian/.m2/repository/org/bytedeco/openblas/0.3.13-1.5.5/openblas-0.3.13-1.5.5-android-arm64.jar:/Users/andreachatrian/.m2/repository/org/bytedeco/openblas/0.3.13-1.5.5/openblas-0.3.13-1.5.5-android-x86.jar:/Users/andreachatrian/.m2/repository/org/bytedeco/openblas/0.3.13-1.5.5/openblas-0.3.13-1.5.5-android-x86_64.jar:/Users/andreachatrian/.m2/repository/org/bytedeco/openblas/0.3.13-1.5.5/openblas-0.3.13-1.5.5-ios-arm64.jar:/Users/andreachatrian/.m2/repository/org/bytedeco/openblas/0.3.13-1.5.5/openblas-0.3.13-1.5.5-ios-x86_64.jar:/Users/andreachatrian/.m2/repository/org/bytedeco/openblas/0.3.13-1.5.5/openblas-0.3.13-1.5.5-linux-x86.jar:/Users/andreachatrian/.m2/repository/org/bytedeco/openblas/0.3.13-1.5.5/openblas-0.3.13-1.5.5-linux-x86_64.jar:/Users/andreachatrian/.m2/repository/org/bytedeco/openblas/0.3.13-1.5.5/openblas-0.3.13-1.5.5-linux-armhf.jar:/Users/andreachatrian/.m2/repository/org/bytedeco/openblas/0.3.13-1.5.5/openblas-0.3.13-1.5.5-linux-arm64.jar:/Users/andreachatrian/.m2/repository/org/bytedeco/openblas/0.3.13-1.5.5/openblas-0.3.13-1.5.5-linux-ppc64le.jar:/Users/andreachatrian/.m2/repository/org/bytedeco/openblas/0.3.13-1.5.5/openblas-0.3.13-1.5.5-macosx-x86_64.jar:/Users/andreachatrian/.m2/repository/org/bytedeco/openblas/0.3.13-1.5.5/openblas-0.3.13-1.5.5-windows-x86.jar:/Users/andreachatrian/.m2/repository/org/bytedeco/openblas/0.3.13-1.5.5/openblas-0.3.13-1.5.5-windows-x86_64.jar:/Users/andreachatrian/.m2/repository/org/bytedeco/opencv-platform/4.5.1-1.5.5/opencv-platform-4.5.1-1.5.5.jar:/Users/andreachatrian/.m2/repository/org/bytedeco/opencv/4.5.1-1.5.5/opencv-4.5.1-1.5.5-android-arm.jar:/Users/andreachatrian/.m2/repository/org/bytedeco/opencv/4.5.1-1.5.5/opencv-4.5.1-1.5.5-android-arm64.jar:/Users/andreachatrian/.m2/repository/org/bytedeco/opencv/4.5.1-1.5.5/opencv-4.5.1-1.5.5-android-x86.jar:/Users/andreachatrian/.m2/repository/org/bytedeco/opencv/4.5.1-1.5.5/opencv-4.5.1-1.5.5-android-x86_64.jar:/Users/andreachatrian/.m2/repository/org/bytedeco/opencv/4.5.1-1.5.5/opencv-4.5.1-1.5.5-ios-arm64.jar:/Users/andreachatrian/.m2/repository/org/bytedeco/opencv/4.5.1-1.5.5/opencv-4.5.1-1.5.5-ios-x86_64.jar:/Users/andreachatrian/.m2/repository/org/bytedeco/opencv/4.5.1-1.5.5/opencv-4.5.1-1.5.5-linux-x86.jar:/Users/andreachatrian/.m2/repository/org/bytedeco/opencv/4.5.1-1.5.5/opencv-4.5.1-1.5.5-linux-x86_64.jar:/Users/andreachatrian/.m2/repository/org/bytedeco/opencv/4.5.1-1.5.5/opencv-4.5.1-1.5.5-linux-armhf.jar:/Users/andreachatrian/.m2/repository/org/bytedeco/opencv/4.5.1-1.5.5/opencv-4.5.1-1.5.5-linux-arm64.jar:/Users/andreachatrian/.m2/repository/org/bytedeco/opencv/4.5.1-1.5.5/opencv-4.5.1-1.5.5-linux-ppc64le.jar:/Users/andreachatrian/.m2/repository/org/bytedeco/opencv/4.5.1-1.5.5/opencv-4.5.1-1.5.5-macosx-x86_64.jar:/Users/andreachatrian/.m2/repository/org/bytedeco/opencv/4.5.1-1.5.5/opencv-4.5.1-1.5.5-windows-x86.jar:/Users/andreachatrian/.m2/repository/org/bytedeco/opencv/4.5.1-1.5.5/opencv-4.5.1-1.5.5-windows-x86_64.jar:/Users/andreachatrian/.m2/repository/org/bytedeco/ffmpeg-platform/4.3.2-1.5.5/ffmpeg-platform-4.3.2-1.5.5.jar:/Users/andreachatrian/.m2/repository/org/bytedeco/ffmpeg/4.3.2-1.5.5/ffmpeg-4.3.2-1.5.5-android-arm.jar:/Users/andreachatrian/.m2/repository/org/bytedeco/ffmpeg/4.3.2-1.5.5/ffmpeg-4.3.2-1.5.5-android-arm64.jar:/Users/andreachatrian/.m2/repository/org/bytedeco/ffmpeg/4.3.2-1.5.5/ffmpeg-4.3.2-1.5.5-android-x86.jar:/Users/andreachatrian/.m2/repository/org/bytedeco/ffmpeg/4.3.2-1.5.5/ffmpeg-4.3.2-1.5.5-android-x86_64.jar:/Users/andreachatrian/.m2/repository/org/bytedeco/ffmpeg/4.3.2-1.5.5/ffmpeg-4.3.2-1.5.5-linux-x86.jar:/Users/andreachatrian/.m2/repository/org/bytedeco/ffmpeg/4.3.2-1.5.5/ffmpeg-4.3.2-1.5.5-linux-x86_64.jar:/Users/andreachatrian/.m2/repository/org/bytedeco/ffmpeg/4.3.2-1.5.5/ffmpeg-4.3.2-1.5.5-linux-armhf.jar:/Users/andreachatrian/.m2/repository/org/bytedeco/ffmpeg/4.3.2-1.5.5/ffmpeg-4.3.2-1.5.5-linux-arm64.jar:/Users/andreachatrian/.m2/repository/org/bytedeco/ffmpeg/4.3.2-1.5.5/ffmpeg-4.3.2-1.5.5-linux-ppc64le.jar:/Users/andreachatrian/.m2/repository/org/bytedeco/ffmpeg/4.3.2-1.5.5/ffmpeg-4.3.2-1.5.5-macosx-x86_64.jar:/Users/andreachatrian/.m2/repository/org/bytedeco/ffmpeg/4.3.2-1.5.5/ffmpeg-4.3.2-1.5.5-windows-x86.jar:/Users/andreachatrian/.m2/repository/org/bytedeco/ffmpeg/4.3.2-1.5.5/ffmpeg-4.3.2-1.5.5-windows-x86_64.jar:/Users/andreachatrian/.m2/repository/org/bytedeco/flycapture-platform/2.13.3.31-1.5.5/flycapture-platform-2.13.3.31-1.5.5.jar:/Users/andreachatrian/.m2/repository/org/bytedeco/flycapture/2.13.3.31-1.5.5/flycapture-2.13.3.31-1.5.5-linux-x86.jar:/Users/andreachatrian/.m2/repository/org/bytedeco/flycapture/2.13.3.31-1.5.5/flycapture-2.13.3.31-1.5.5-linux-x86_64.jar:/Users/andreachatrian/.m2/repository/org/bytedeco/flycapture/2.13.3.31-1.5.5/flycapture-2.13.3.31-1.5.5-linux-armhf.jar:/Users/andreachatrian/.m2/repository/org/bytedeco/flycapture/2.13.3.31-1.5.5/flycapture-2.13.3.31-1.5.5-linux-arm64.jar:/Users/andreachatrian/.m2/repository/org/bytedeco/flycapture/2.13.3.31-1.5.5/flycapture-2.13.3.31-1.5.5-windows-x86.jar:/Users/andreachatrian/.m2/repository/org/bytedeco/flycapture/2.13.3.31-1.5.5/flycapture-2.13.3.31-1.5.5-windows-x86_64.jar:/Users/andreachatrian/.m2/repository/org/bytedeco/libdc1394-platform/2.2.6-1.5.5/libdc1394-platform-2.2.6-1.5.5.jar:/Users/andreachatrian/.m2/repository/org/bytedeco/libdc1394/2.2.6-1.5.5/libdc1394-2.2.6-1.5.5-linux-x86.jar:/Users/andreachatrian/.m2/repository/org/bytedeco/libdc1394/2.2.6-1.5.5/libdc1394-2.2.6-1.5.5-linux-x86_64.jar:/Users/andreachatrian/.m2/repository/org/bytedeco/libdc1394/2.2.6-1.5.5/libdc1394-2.2.6-1.5.5-linux-armhf.jar:/Users/andreachatrian/.m2/repository/org/bytedeco/libdc1394/2.2.6-1.5.5/libdc1394-2.2.6-1.5.5-linux-arm64.jar:/Users/andreachatrian/.m2/repository/org/bytedeco/libdc1394/2.2.6-1.5.5/libdc1394-2.2.6-1.5.5-linux-ppc64le.jar:/Users/andreachatrian/.m2/repository/org/bytedeco/libdc1394/2.2.6-1.5.5/libdc1394-2.2.6-1.5.5-macosx-x86_64.jar:/Users/andreachatrian/.m2/repository/org/bytedeco/libdc1394/2.2.6-1.5.5/libdc1394-2.2.6-1.5.5-windows-x86.jar:/Users/andreachatrian/.m2/repository/org/bytedeco/libdc1394/2.2.6-1.5.5/libdc1394-2.2.6-1.5.5-windows-x86_64.jar:/Users/andreachatrian/.m2/repository/org/bytedeco/libfreenect-platform/0.5.7-1.5.5/libfreenect-platform-0.5.7-1.5.5.jar:/Users/andreachatrian/.m2/repository/org/bytedeco/libfreenect/0.5.7-1.5.5/libfreenect-0.5.7-1.5.5-linux-x86.jar:/Users/andreachatrian/.m2/repository/org/bytedeco/libfreenect/0.5.7-1.5.5/libfreenect-0.5.7-1.5.5-linux-x86_64.jar:/Users/andreachatrian/.m2/repository/org/bytedeco/libfreenect/0.5.7-1.5.5/libfreenect-0.5.7-1.5.5-linux-armhf.jar:/Users/andreachatrian/.m2/repository/org/bytedeco/libfreenect/0.5.7-1.5.5/libfreenect-0.5.7-1.5.5-linux-arm64.jar:/Users/andreachatrian/.m2/repository/org/bytedeco/libfreenect/0.5.7-1.5.5/libfreenect-0.5.7-1.5.5-linux-ppc64le.jar:/Users/andreachatrian/.m2/repository/org/bytedeco/libfreenect/0.5.7-1.5.5/libfreenect-0.5.7-1.5.5-macosx-x86_64.jar:/Users/andreachatrian/.m2/repository/org/bytedeco/libfreenect/0.5.7-1.5.5/libfreenect-0.5.7-1.5.5-windows-x86.jar:/Users/andreachatrian/.m2/repository/org/bytedeco/libfreenect/0.5.7-1.5.5/libfreenect-0.5.7-1.5.5-windows-x86_64.jar:/Users/andreachatrian/.m2/repository/org/bytedeco/libfreenect2-platform/0.2.0-1.5.5/libfreenect2-platform-0.2.0-1.5.5.jar:/Users/andreachatrian/.m2/repository/org/bytedeco/libfreenect2/0.2.0-1.5.5/libfreenect2-0.2.0-1.5.5-linux-x86.jar:/Users/andreachatrian/.m2/repository/org/bytedeco/libfreenect2/0.2.0-1.5.5/libfreenect2-0.2.0-1.5.5-linux-x86_64.jar:/Users/andreachatrian/.m2/repository/org/bytedeco/libfreenect2/0.2.0-1.5.5/libfreenect2-0.2.0-1.5.5-macosx-x86_64.jar:/Users/andreachatrian/.m2/repository/org/bytedeco/libfreenect2/0.2.0-1.5.5/libfreenect2-0.2.0-1.5.5-windows-x86_64.jar:/Users/andreachatrian/.m2/repository/org/bytedeco/librealsense-platform/1.12.4-1.5.5/librealsense-platform-1.12.4-1.5.5.jar:/Users/andreachatrian/.m2/repository/org/bytedeco/librealsense/1.12.4-1.5.5/librealsense-1.12.4-1.5.5-linux-armhf.jar:/Users/andreachatrian/.m2/repository/org/bytedeco/librealsense/1.12.4-1.5.5/librealsense-1.12.4-1.5.5-linux-arm64.jar:/Users/andreachatrian/.m2/repository/org/bytedeco/librealsense/1.12.4-1.5.5/librealsense-1.12.4-1.5.5-linux-x86.jar:/Users/andreachatrian/.m2/repository/org/bytedeco/librealsense/1.12.4-1.5.5/librealsense-1.12.4-1.5.5-linux-x86_64.jar:/Users/andreachatrian/.m2/repository/org/bytedeco/librealsense/1.12.4-1.5.5/librealsense-1.12.4-1.5.5-macosx-x86_64.jar:/Users/andreachatrian/.m2/repository/org/bytedeco/librealsense/1.12.4-1.5.5/librealsense-1.12.4-1.5.5-windows-x86.jar:/Users/andreachatrian/.m2/repository/org/bytedeco/librealsense/1.12.4-1.5.5/librealsense-1.12.4-1.5.5-windows-x86_64.jar:/Users/andreachatrian/.m2/repository/org/bytedeco/librealsense2-platform/2.40.0-1.5.5/librealsense2-platform-2.40.0-1.5.5.jar:/Users/andreachatrian/.m2/repository/org/bytedeco/librealsense2/2.40.0-1.5.5/librealsense2-2.40.0-1.5.5-linux-armhf.jar:/Users/andreachatrian/.m2/repository/org/bytedeco/librealsense2/2.40.0-1.5.5/librealsense2-2.40.0-1.5.5-linux-arm64.jar:/Users/andreachatrian/.m2/repository/org/bytedeco/librealsense2/2.40.0-1.5.5/librealsense2-2.40.0-1.5.5-linux-x86.jar:/Users/andreachatrian/.m2/repository/org/bytedeco/librealsense2/2.40.0-1.5.5/librealsense2-2.40.0-1.5.5-linux-x86_64.jar:/Users/andreachatrian/.m2/repository/org/bytedeco/librealsense2/2.40.0-1.5.5/librealsense2-2.40.0-1.5.5-macosx-x86_64.jar:/Users/andreachatrian/.m2/repository/org/bytedeco/librealsense2/2.40.0-1.5.5/librealsense2-2.40.0-1.5.5-windows-x86.jar:/Users/andreachatrian/.m2/repository/org/bytedeco/librealsense2/2.40.0-1.5.5/librealsense2-2.40.0-1.5.5-windows-x86_64.jar:/Users/andreachatrian/.m2/repository/org/bytedeco/videoinput-platform/0.200-1.5.5/videoinput-platform-0.200-1.5.5.jar:/Users/andreachatrian/.m2/repository/org/bytedeco/videoinput/0.200-1.5.5/videoinput-0.200-1.5.5-windows-x86.jar:/Users/andreachatrian/.m2/repository/org/bytedeco/videoinput/0.200-1.5.5/videoinput-0.200-1.5.5-windows-x86_64.jar:/Users/andreachatrian/.m2/repository/org/bytedeco/artoolkitplus-platform/2.3.1-1.5.5/artoolkitplus-platform-2.3.1-1.5.5.jar:/Users/andreachatrian/.m2/repository/org/bytedeco/artoolkitplus/2.3.1-1.5.5/artoolkitplus-2.3.1-1.5.5-android-arm.jar:/Users/andreachatrian/.m2/repository/org/bytedeco/artoolkitplus/2.3.1-1.5.5/artoolkitplus-2.3.1-1.5.5-android-arm64.jar:/Users/andreachatrian/.m2/repository/org/bytedeco/artoolkitplus/2.3.1-1.5.5/artoolkitplus-2.3.1-1.5.5-android-x86.jar:/Users/andreachatrian/.m2/repository/org/bytedeco/artoolkitplus/2.3.1-1.5.5/artoolkitplus-2.3.1-1.5.5-android-x86_64.jar:/Users/andreachatrian/.m2/repository/org/bytedeco/artoolkitplus/2.3.1-1.5.5/artoolkitplus-2.3.1-1.5.5-linux-x86.jar:/Users/andreachatrian/.m2/repository/org/bytedeco/artoolkitplus/2.3.1-1.5.5/artoolkitplus-2.3.1-1.5.5-linux-x86_64.jar:/Users/andreachatrian/.m2/repository/org/bytedeco/artoolkitplus/2.3.1-1.5.5/artoolkitplus-2.3.1-1.5.5-linux-armhf.jar:/Users/andreachatrian/.m2/repository/org/bytedeco/artoolkitplus/2.3.1-1.5.5/artoolkitplus-2.3.1-1.5.5-linux-arm64.jar:/Users/andreachatrian/.m2/repository/org/bytedeco/artoolkitplus/2.3.1-1.5.5/artoolkitplus-2.3.1-1.5.5-linux-ppc64le.jar:/Users/andreachatrian/.m2/repository/org/bytedeco/artoolkitplus/2.3.1-1.5.5/artoolkitplus-2.3.1-1.5.5-macosx-x86_64.jar:/Users/andreachatrian/.m2/repository/org/bytedeco/artoolkitplus/2.3.1-1.5.5/artoolkitplus-2.3.1-1.5.5-windows-x86.jar:/Users/andreachatrian/.m2/repository/org/bytedeco/artoolkitplus/2.3.1-1.5.5/artoolkitplus-2.3.1-1.5.5-windows-x86_64.jar:/Users/andreachatrian/.m2/repository/org/bytedeco/flandmark-platform/1.07-1.5.5/flandmark-platform-1.07-1.5.5.jar:/Users/andreachatrian/.m2/repository/org/bytedeco/flandmark/1.07-1.5.5/flandmark-1.07-1.5.5-android-arm.jar:/Users/andreachatrian/.m2/repository/org/bytedeco/flandmark/1.07-1.5.5/flandmark-1.07-1.5.5-android-arm64.jar:/Users/andreachatrian/.m2/repository/org/bytedeco/flandmark/1.07-1.5.5/flandmark-1.07-1.5.5-android-x86.jar:/Users/andreachatrian/.m2/repository/org/bytedeco/flandmark/1.07-1.5.5/flandmark-1.07-1.5.5-android-x86_64.jar:/Users/andreachatrian/.m2/repository/org/bytedeco/flandmark/1.07-1.5.5/flandmark-1.07-1.5.5-linux-x86.jar:/Users/andreachatrian/.m2/repository/org/bytedeco/flandmark/1.07-1.5.5/flandmark-1.07-1.5.5-linux-x86_64.jar:/Users/andreachatrian/.m2/repository/org/bytedeco/flandmark/1.07-1.5.5/flandmark-1.07-1.5.5-linux-armhf.jar:/Users/andreachatrian/.m2/repository/org/bytedeco/flandmark/1.07-1.5.5/flandmark-1.07-1.5.5-linux-arm64.jar:/Users/andreachatrian/.m2/repository/org/bytedeco/flandmark/1.07-1.5.5/flandmark-1.07-1.5.5-linux-ppc64le.jar:/Users/andreachatrian/.m2/repository/org/bytedeco/flandmark/1.07-1.5.5/flandmark-1.07-1.5.5-macosx-x86_64.jar:/Users/andreachatrian/.m2/repository/org/bytedeco/flandmark/1.07-1.5.5/flandmark-1.07-1.5.5-windows-x86.jar:/Users/andreachatrian/.m2/repository/org/bytedeco/flandmark/1.07-1.5.5/flandmark-1.07-1.5.5-windows-x86_64.jar:/Users/andreachatrian/.m2/repository/org/bytedeco/leptonica-platform/1.80.0-1.5.5/leptonica-platform-1.80.0-1.5.5.jar:/Users/andreachatrian/.m2/repository/org/bytedeco/leptonica/1.80.0-1.5.5/leptonica-1.80.0-1.5.5-android-arm.jar:/Users/andreachatrian/.m2/repository/org/bytedeco/leptonica/1.80.0-1.5.5/leptonica-1.80.0-1.5.5-android-arm64.jar:/Users/andreachatrian/.m2/repository/org/bytedeco/leptonica/1.80.0-1.5.5/leptonica-1.80.0-1.5.5-android-x86.jar:/Users/andreachatrian/.m2/repository/org/bytedeco/leptonica/1.80.0-1.5.5/leptonica-1.80.0-1.5.5-android-x86_64.jar:/Users/andreachatrian/.m2/repository/org/bytedeco/leptonica/1.80.0-1.5.5/leptonica-1.80.0-1.5.5-linux-x86.jar:/Users/andreachatrian/.m2/repository/org/bytedeco/leptonica/1.80.0-1.5.5/leptonica-1.80.0-1.5.5-linux-x86_64.jar:/Users/andreachatrian/.m2/repository/org/bytedeco/leptonica/1.80.0-1.5.5/leptonica-1.80.0-1.5.5-linux-armhf.jar:/Users/andreachatrian/.m2/repository/org/bytedeco/leptonica/1.80.0-1.5.5/leptonica-1.80.0-1.5.5-linux-arm64.jar:/Users/andreachatrian/.m2/repository/org/bytedeco/leptonica/1.80.0-1.5.5/leptonica-1.80.0-1.5.5-linux-ppc64le.jar:/Users/andreachatrian/.m2/repository/org/bytedeco/leptonica/1.80.0-1.5.5/leptonica-1.80.0-1.5.5-macosx-x86_64.jar:/Users/andreachatrian/.m2/repository/org/bytedeco/leptonica/1.80.0-1.5.5/leptonica-1.80.0-1.5.5-windows-x86.jar:/Users/andreachatrian/.m2/repository/org/bytedeco/leptonica/1.80.0-1.5.5/leptonica-1.80.0-1.5.5-windows-x86_64.jar:/Users/andreachatrian/.m2/repository/org/bytedeco/tesseract-platform/4.1.1-1.5.5/tesseract-platform-4.1.1-1.5.5.jar:/Users/andreachatrian/.m2/repository/org/bytedeco/tesseract/4.1.1-1.5.5/tesseract-4.1.1-1.5.5-android-arm.jar:/Users/andreachatrian/.m2/repository/org/bytedeco/tesseract/4.1.1-1.5.5/tesseract-4.1.1-1.5.5-android-arm64.jar:/Users/andreachatrian/.m2/repository/org/bytedeco/tesseract/4.1.1-1.5.5/tesseract-4.1.1-1.5.5-android-x86.jar:/Users/andreachatrian/.m2/repository/org/bytedeco/tesseract/4.1.1-1.5.5/tesseract-4.1.1-1.5.5-android-x86_64.jar:/Users/andreachatrian/.m2/repository/org/bytedeco/tesseract/4.1.1-1.5.5/tesseract-4.1.1-1.5.5-linux-x86.jar:/Users/andreachatrian/.m2/repository/org/bytedeco/tesseract/4.1.1-1.5.5/tesseract-4.1.1-1.5.5-linux-x86_64.jar:/Users/andreachatrian/.m2/repository/org/bytedeco/tesseract/4.1.1-1.5.5/tesseract-4.1.1-1.5.5-linux-armhf.jar:/Users/andreachatrian/.m2/repository/org/bytedeco/tesseract/4.1.1-1.5.5/tesseract-4.1.1-1.5.5-linux-arm64.jar:/Users/andreachatrian/.m2/repository/org/bytedeco/tesseract/4.1.1-1.5.5/tesseract-4.1.1-1.5.5-linux-ppc64le.jar:/Users/andreachatrian/.m2/repository/org/bytedeco/tesseract/4.1.1-1.5.5/tesseract-4.1.1-1.5.5-macosx-x86_64.jar:/Users/andreachatrian/.m2/repository/org/bytedeco/tesseract/4.1.1-1.5.5/tesseract-4.1.1-1.5.5-windows-x86.jar:/Users/andreachatrian/.m2/repository/org/bytedeco/tesseract/4.1.1-1.5.5/tesseract-4.1.1-1.5.5-windows-x86_64.jar:/Users/andreachatrian/.m2/repository/net/sourceforge/tess4j/tess4j/5.5.0/tess4j-5.5.0.jar:/Users/andreachatrian/.m2/repository/net/java/dev/jna/jna/5.12.1/jna-5.12.1.jar:/Users/andreachatrian/.m2/repository/com/github/jai-imageio/jai-imageio-core/1.4.0/jai-imageio-core-1.4.0.jar:/Users/andreachatrian/.m2/repository/org/apache/pdfbox/pdfbox/2.0.27/pdfbox-2.0.27.jar:/Users/andreachatrian/.m2/repository/org/apache/pdfbox/fontbox/2.0.27/fontbox-2.0.27.jar:/Users/andreachatrian/.m2/repository/commons-logging/commons-logging/1.2/commons-logging-1.2.jar:/Users/andreachatrian/.m2/repository/org/apache/pdfbox/pdfbox-tools/2.0.27/pdfbox-tools-2.0.27.jar:/Users/andreachatrian/.m2/repository/org/apache/pdfbox/pdfbox-debugger/2.0.27/pdfbox-debugger-2.0.27.jar:/Users/andreachatrian/.m2/repository/org/apache/pdfbox/jbig2-imageio/3.0.4/jbig2-imageio-3.0.4.jar:/Users/andreachatrian/.m2/repository/commons-io/commons-io/2.11.0/commons-io-2.11.0.jar:/Users/andreachatrian/.m2/repository/net/sourceforge/lept4j/lept4j/1.17.0/lept4j-1.17.0.jar:/Users/andreachatrian/.m2/repository/org/jboss/jboss-vfs/3.2.17.Final/jboss-vfs-3.2.17.Final.jar:/Users/andreachatrian/.m2/repository/org/jboss/logging/jboss-logging/3.1.4.GA/jboss-logging-3.1.4.GA.jar:/Users/andreachatrian/.m2/repository/org/slf4j/slf4j-api/1.7.32/slf4j-api-1.7.32.jar:/Users/andreachatrian/.m2/repository/ch/qos/logback/logback-classic/1.2.6/logback-classic-1.2.6.jar:/Users/andreachatrian/.m2/repository/ch/qos/logback/logback-core/1.2.6/logback-core-1.2.6.jar:/Users/andreachatrian/.m2/repository/org/xerial/sqlite-jdbc/3.43.0.0/sqlite-jdbc-3.43.0.0.jar:/Users/andreachatrian/.m2/repository/org/jfree/jfreechart/1.5.3/jfreechart-1.5.3.jar:"/>
    <property name="sun.cpu.endian" value="little"/>
    <property name="user.home" value="/Users/andreachatrian"/>
    <property name="user.language" value="en"/>
    <property name="java.specification.vendor" value="Oracle Corporation"/>
    <property name="java.version.date" value="2024-10-15"/>
    <property name="java.home" value="/usr/local/Cellar/openjdk/23.0.1/libexec/openjdk.jdk/Contents/Home"/>
    <property name="file.separator" value="/"/>
    <property name="basedir" value="/Users/andreachatrian/Documents/Repositories/groceryview/groceryview"/>
    <property name="java.vm.compressedOopsMode" value="Zero based"/>
    <property name="line.separator" value="&#10;"/>
    <property name="java.vm.specification.vendor" value="Oracle Corporation"/>
    <property name="java.specification.name" value="Java Platform API Specification"/>
    <property name="apple.awt.application.name" value="ForkedBooter"/>
    <property name="surefire.real.class.path" value="/Users/andreachatrian/Documents/Repositories/groceryview/groceryview/target/surefire/surefirebooter6687894886412950150.jar"/>
    <property name="sun.management.compiler" value="HotSpot 64-Bit Tiered Compilers"/>
    <property name="ftp.nonProxyHosts" value="local|*.local|169.254/16|*.169.254/16"/>
    <property name="java.runtime.version" value="23.0.1"/>
    <property name="user.name" value="andreachatrian"/>
    <property name="stdout.encoding" value="UTF-8"/>
    <property name="path.separator" value=":"/>
    <property name="os.version" value="14.7.2"/>
    <property name="java.runtime.name" value="OpenJDK Runtime Environment"/>
    <property name="file.encoding" value="UTF-8"/>
    <property name="java.vm.name" value="OpenJDK 64-Bit Server VM"/>
    <property name="java.vendor.version" value="Homebrew"/>
    <property name="localRepository" value="/Users/andreachatrian/.m2/repository"/>
    <property name="java.vendor.url.bug" value="https://github.com/Homebrew/homebrew-core/issues"/>
    <property name="java.io.tmpdir" value="/var/folders/5k/tnwhh_qj3j7f5dp2nxkjfbzr0000gn/T/"/>
    <property name="java.version" value="23.0.1"/>
    <property name="user.dir" value="/Users/andreachatrian/Documents/Repositories/groceryview/groceryview"/>
    <property name="os.arch" value="x86_64"/>
    <property name="java.vm.specification.name" value="Java Virtual Machine Specification"/>
    <property name="native.encoding" value="UTF-8"/>
    <property name="java.library.path" value="/Users/andreachatrian/Library/Java/Extensions:/Library/Java/Extensions:/Network/Library/Java/Extensions:/System/Library/Java/Extensions:/usr/lib/java:."/>
    <property name="java.vm.info" value="mixed mode, sharing"/>
    <property name="stderr.encoding" value="UTF-8"/>
    <property name="java.vendor" value="Homebrew"/>
    <property name="java.vm.version" value="23.0.1"/>
    <property name="sun.io.unicode.encoding" value="UnicodeBig"/>
    <property name="socksNonProxyHosts" value="local|*.local|169.254/16|*.169.254/16"/>
    <property name="java.class.version" value="67.0"/>
  </properties>
  <testcase name="shouldAnswerWithTrue" classname="com.groceryview.GroceryViewTest" time="0.006"/>
</testsuite>